This is pTeXk, Version 3.141592-p3.1.9 (sjis) (Web2C 7.5.4) (format=platex-sjis 2005.11.2)  14 FEB 2017 22:16
 file:line:error style messages enabled.
**introduction
(./introduction.tex
pLaTeX2e <2005/01/04>+0 (based on LaTeX2e <2003/12/01> patch level 0)
./introduction.tex:2: Undefined control sequence.
l.2 \section
            {序論}
? 
./introduction.tex:2: Emergency stop.
l.2 \section
            {序論}
End of file on the terminal!

 
Here is how much of TeX's memory you used:
 4 strings out of 95552
 62 string characters out of 1187504
 46995 words of memory out of 1000000
 3243 multiletter control sequences out of 10000+50000
 7511 words of font info for 31 fonts, out of 500000 for 2000
 14 hyphenation exceptions out of 1000
 4i,0n,1p,31b,7s stack positions out of 1500i,500n,5000p,200000b,5000s
No pages of output.
